<?xml version="1.0" encoding="UTF-8"?>
<testng-results skipped="0" failed="0" ignored="0" total="1" passed="1">
  <reporter-output>
  </reporter-output>
  <suite name="Suite" duration-ms="4318" started-at="2021-02-24T06:14:17Z" finished-at="2021-02-24T06:14:21Z">
    <groups>
    </groups>
    <test name="Test" duration-ms="4318" started-at="2021-02-24T06:14:17Z" finished-at="2021-02-24T06:14:21Z">
      <class name="test.Testcase1">
        <test-method status="PASS" signature="LaunchBrowser()[pri:0, instance:test.Testcase1@46daef40]" name="LaunchBrowser" is-config="true" duration-ms="1313" started-at="2021-02-24T06:14:17Z" finished-at="2021-02-24T06:14:18Z">
          <reporter-output>
          </reporter-output>
        </test-method> <!-- LaunchBrowser -->
        <test-method status="PASS" signature="LoginTest()[pri:0, instance:test.Testcase1@46daef40]" name="LoginTest" duration-ms="2920" started-at="2021-02-24T06:14:18Z" finished-at="2021-02-24T06:14:21Z">
          <reporter-output>
          </reporter-output>
        </test-method> <!-- LoginTest -->
        <test-method status="PASS" signature="CloseBrowser()[pri:0, instance:test.Testcase1@46daef40]" name="CloseBrowser" is-config="true" duration-ms="69" started-at="2021-02-24T06:14:21Z" finished-at="2021-02-24T06:14:21Z">
          <reporter-output>
          </reporter-output>
        </test-method> <!-- CloseBrowser -->
      </class> <!-- test.Testcase1 -->
    </test> <!-- Test -->
  </suite> <!-- Suite -->
</testng-results>
